<?xml version="1.0" encoding="UTF-8"?>
<testng-results ignored="0" total="2" passed="2" failed="0" skipped="0">
  <reporter-output>
  </reporter-output>
  <suite started-at="2023-09-19T00:41:08 EDT" name="Default suite" finished-at="2023-09-19T00:41:13 EDT" duration-ms="5105">
    <groups>
    </groups>
    <test started-at="2023-09-19T00:41:08 EDT" name="Default test" finished-at="2023-09-19T00:41:13 EDT" duration-ms="5105">
      <class name="com.Facebook.Assertion">
        <test-method is-config="true" signature="openApplication()[pri:0, instance:com.Facebook.Assertion@22555ebf]" started-at="2023-09-19T00:41:08 EDT" name="openApplication" finished-at="2023-09-19T00:41:12 EDT" duration-ms="4659" status="PASS">
          <reporter-output>
          </reporter-output>
        </test-method> <!-- openApplication -->
        <test-method signature="assertion()[pri:0, instance:com.Facebook.Assertion@22555ebf]" started-at="2023-09-19T00:41:12 EDT" name="assertion" finished-at="2023-09-19T00:41:12 EDT" duration-ms="54" status="PASS">
          <reporter-output>
          </reporter-output>
        </test-method> <!-- assertion -->
        <test-method signature="facebookLoginTest()[pri:0, instance:com.Facebook.Assertion@22555ebf]" started-at="2023-09-19T00:41:12 EDT" name="facebookLoginTest" finished-at="2023-09-19T00:41:13 EDT" duration-ms="304" status="PASS">
          <reporter-output>
          </reporter-output>
        </test-method> <!-- facebookLoginTest -->
      </class> <!-- com.Facebook.Assertion -->
    </test> <!-- Default test -->
  </suite> <!-- Default suite -->
</testng-results>
